2025-08-10 07:56:57 [DEBUG] urllib3.connectionpool:978: Starting new HTTPS connection (1): indexes.nikkei.co.jp:443
2025-08-10 07:56:57 [DEBUG] urllib3.connectionpool:453: https://indexes.nikkei.co.jp:443 "GET /api/quote/NK225?api_key= HTTP/1.1" 404 None
2025-08-10 07:56:57 [WARNING] data.ingestion:408: Connection validation failed for nikkei_official
2025-08-10 07:56:57 [DEBUG] urllib3.connectionpool:978: Starting new HTTPS connection (1): api.investing.com:443
2025-08-10 07:56:57 [DEBUG] urllib3.connectionpool:453: https://api.investing.com:443 "GET /quote?symbol=indices%2Fnikkei-225 HTTP/1.1" 403 None
2025-08-10 07:56:57 [WARNING] data.ingestion:408: Connection validation failed for investing_com
2025-08-10 07:56:57 [DEBUG] urllib3.connectionpool:978: Starting new HTTPS connection (1): www.jpx.co.jp:443
2025-08-10 07:56:57 [DEBUG] urllib3.connectionpool:453: https://www.jpx.co.jp:443 "GET /api/market-data/indices/current HTTP/1.1" 301 0
2025-08-10 07:56:57 [DEBUG] urllib3.connectionpool:453: https://www.jpx.co.jp:443 "GET /api/market-data/indices/current/ HTTP/1.1" 404 21043
2025-08-10 07:56:57 [WARNING] data.ingestion:408: Connection validation failed for jpx_official
2025-08-10 07:56:57 [INFO] src.pipeline:54: Analysis pipeline initialized successfully
2025-08-10 07:57:17 [DEBUG] urllib3.connectionpool:978: Starting new HTTPS connection (1): indexes.nikkei.co.jp:443
2025-08-10 07:57:17 [DEBUG] urllib3.connectionpool:453: https://indexes.nikkei.co.jp:443 "GET /api/quote/NK225?api_key= HTTP/1.1" 404 None
2025-08-10 07:57:17 [WARNING] data.ingestion:408: Connection validation failed for nikkei_official
2025-08-10 07:57:17 [DEBUG] urllib3.connectionpool:978: Starting new HTTPS connection (1): api.investing.com:443
2025-08-10 07:57:17 [DEBUG] urllib3.connectionpool:453: https://api.investing.com:443 "GET /quote?symbol=indices%2Fnikkei-225 HTTP/1.1" 403 None
2025-08-10 07:57:17 [WARNING] data.ingestion:408: Connection validation failed for investing_com
2025-08-10 07:57:17 [DEBUG] urllib3.connectionpool:978: Starting new HTTPS connection (1): www.jpx.co.jp:443
2025-08-10 07:57:17 [DEBUG] urllib3.connectionpool:453: https://www.jpx.co.jp:443 "GET /api/market-data/indices/current HTTP/1.1" 301 0
2025-08-10 07:57:17 [DEBUG] urllib3.connectionpool:453: https://www.jpx.co.jp:443 "GET /api/market-data/indices/current/ HTTP/1.1" 404 21043
2025-08-10 07:57:17 [WARNING] data.ingestion:408: Connection validation failed for jpx_official
2025-08-10 07:57:17 [INFO] src.pipeline:54: Analysis pipeline initialized successfully
